<?xml version="1.0" encoding="UTF-8"?>
<testng-results ignored="0" total="2" passed="2" failed="0" skipped="0">
  <reporter-output>
  </reporter-output>
  <suite started-at="2025-10-11T08:42:38 IST" name="Suite" finished-at="2025-10-11T08:42:47 IST" duration-ms="8357">
    <groups>
    </groups>
    <test started-at="2025-10-11T08:42:38 IST" name="Test4" finished-at="2025-10-11T08:42:43 IST" duration-ms="4452">
      <class name="demoTest.Demo4Test">
        <test-method signature="case4()[pri:0, instance:demoTest.Demo4Test@4135c3b]" started-at="2025-10-11T08:42:38 IST" name="case4" finished-at="2025-10-11T08:42:43 IST" duration-ms="4414" status="PASS">
          <reporter-output>
          </reporter-output>
        </test-method> <!-- case4 -->
      </class> <!-- demoTest.Demo4Test -->
    </test> <!-- Test4 -->
    <test started-at="2025-10-11T08:42:43 IST" name="Test5" finished-at="2025-10-11T08:42:47 IST" duration-ms="3866">
      <class name="demoTest.Demo5Test">
        <test-method signature="case5()[pri:0, instance:demoTest.Demo5Test@5bda8e08]" started-at="2025-10-11T08:42:43 IST" name="case5" finished-at="2025-10-11T08:42:47 IST" duration-ms="3862" status="PASS">
          <reporter-output>
          </reporter-output>
        </test-method> <!-- case5 -->
      </class> <!-- demoTest.Demo5Test -->
    </test> <!-- Test5 -->
  </suite> <!-- Suite -->
</testng-results>
