<?xml version="1.0" encoding="UTF-8"?>
<testng-results ignored="0" total="1" passed="1" failed="0" skipped="0">
  <reporter-output>
  </reporter-output>
  <suite started-at="2025-10-02T18:29:55 IST" name="Suite" finished-at="2025-10-02T18:29:59 IST" duration-ms="4327">
    <groups>
    </groups>
    <test started-at="2025-10-02T18:29:55 IST" name="Test" finished-at="2025-10-02T18:29:59 IST" duration-ms="4327">
      <class name="sampleTest.DemoTest">
        <test-method signature="sub()[pri:0, instance:sampleTest.DemoTest@23f7d05d]" started-at="2025-10-02T18:29:55 IST" name="sub" finished-at="2025-10-02T18:29:59 IST" duration-ms="4303" status="PASS">
          <reporter-output>
          </reporter-output>
        </test-method> <!-- sub -->
      </class> <!-- sampleTest.DemoTest -->
    </test> <!-- Test -->
  </suite> <!-- Suite -->
</testng-results>
